[ERROR] 2024-01-03 15:35:20.220 [restartedMain] o.s.b.SpringApplication - Application run failed
java.lang.IllegalStateException: java.lang.IllegalStateException: Logback configuration error detected: 
ERROR in ch.qos.logback.classic.pattern.ClassOfCallerConverter@29412aaa - failed to parse integer string [1.] java.lang.NumberFormatException: For input string: "1."
	at org.springframework.boot.context.logging.LoggingApplicationListener.initializeSystem(LoggingApplicationListener.java:347)
	at org.springframework.boot.context.logging.LoggingApplicationListener.initialize(LoggingApplicationListener.java:298)
	at org.springframework.boot.context.logging.LoggingApplicationListener.onApplicationEnvironmentPreparedEvent(LoggingApplicationListener.java:246)
	at org.springframework.boot.context.logging.LoggingApplicationListener.onApplicationEvent(LoggingApplicationListener.java:223)
	at org.springframework.context.event.SimpleApplicationEventMulticaster.doInvokeListener(SimpleApplicationEventMulticaster.java:178)
	at org.springframework.context.event.SimpleApplicationEventMulticaster.invokeListener(SimpleApplicationEventMulticaster.java:171)
	at org.springframework.context.event.SimpleApplicationEventMulticaster.multicastEvent(SimpleApplicationEventMulticaster.java:149)
	at org.springframework.context.event.SimpleApplicationEventMulticaster.multicastEvent(SimpleApplicationEventMulticaster.java:137)
	at org.springframework.boot.context.event.EventPublishingRunListener.multicastInitialEvent(EventPublishingRunListener.java:136)
	at org.springframework.boot.context.event.EventPublishingRunListener.environmentPrepared(EventPublishingRunListener.java:81)
	at org.springframework.boot.SpringApplicationRunListeners.lambda$environmentPrepared$2(SpringApplicationRunListeners.java:64)
	at java.base/java.lang.Iterable.forEach(Iterable.java:75)
	at org.springframework.boot.SpringApplicationRunListeners.doWithListeners(SpringApplicationRunListeners.java:118)
	at org.springframework.boot.SpringApplicationRunListeners.doWithListeners(SpringApplicationRunListeners.java:112)
	at org.springframework.boot.SpringApplicationRunListeners.environmentPrepared(SpringApplicationRunListeners.java:63)
	at org.springframework.boot.SpringApplication.prepareEnvironment(SpringApplication.java:377)
	at org.springframework.boot.SpringApplication.run(SpringApplication.java:329)
	at org.springframework.boot.SpringApplication.run(SpringApplication.java:1358)
	at org.springframework.boot.SpringApplication.run(SpringApplication.java:1347)
	at com.example.demo.BackendAplicacionApplication.main(BackendAplicacionApplication.java:10)
	at java.base/jdk.internal.reflect.DirectMethodHandleAccessor.invoke(DirectMethodHandleAccessor.java:103)
	at java.base/java.lang.reflect.Method.invoke(Method.java:580)
	at org.springframework.boot.devtools.restart.RestartLauncher.run(RestartLauncher.java:50)
Caused by: java.lang.IllegalStateException: Logback configuration error detected: 
ERROR in ch.qos.logback.classic.pattern.ClassOfCallerConverter@29412aaa - failed to parse integer string [1.] java.lang.NumberFormatException: For input string: "1."
	at org.springframework.boot.logging.logback.LogbackLoggingSystem.reportConfigurationErrorsIfNecessary(LogbackLoggingSystem.java:277)
	at org.springframework.boot.logging.logback.LogbackLoggingSystem.loadConfiguration(LogbackLoggingSystem.java:255)
	at org.springframework.boot.logging.logback.LogbackLoggingSystem.reinitialize(LogbackLoggingSystem.java:334)
	at org.springframework.boot.logging.AbstractLoggingSystem.initializeWithConventions(AbstractLoggingSystem.java:74)
	at org.springframework.boot.logging.AbstractLoggingSystem.initialize(AbstractLoggingSystem.java:61)
	at org.springframework.boot.logging.logback.LogbackLoggingSystem.initialize(LogbackLoggingSystem.java:189)
	at org.springframework.boot.context.logging.LoggingApplicationListener.initializeSystem(LoggingApplicationListener.java:332)
	... 22 common frames omitted
	Suppressed: java.lang.NumberFormatException: For input string: "1."
		at java.base/java.lang.NumberFormatException.forInputString(NumberFormatException.java:67)
		at java.base/java.lang.Integer.parseInt(Integer.java:661)
		at java.base/java.lang.Integer.parseInt(Integer.java:777)
		at ch.qos.logback.classic.pattern.NamedConverter.start(NamedConverter.java:92)
		at ch.qos.logback.core.pattern.ConverterUtil.startConverters(ConverterUtil.java:37)
		at ch.qos.logback.core.pattern.ConverterUtil.startConverters(ConverterUtil.java:33)
		at ch.qos.logback.core.pattern.PatternLayoutBase.start(PatternLayoutBase.java:90)
		at ch.qos.logback.core.model.processor.ImplicitModelHandler.postHandleComplex(ImplicitModelHandler.java:208)
		at ch.qos.logback.core.model.processor.ImplicitModelHandler.postHandle(ImplicitModelHandler.java:186)
		at ch.qos.logback.core.model.processor.DefaultProcessor.secondPhaseTraverse(DefaultProcessor.java:257)
		at ch.qos.logback.core.model.processor.DefaultProcessor.secondPhaseTraverse(DefaultProcessor.java:253)
		at ch.qos.logback.core.model.processor.DefaultProcessor.secondPhaseTraverse(DefaultProcessor.java:253)
		at ch.qos.logback.core.model.processor.DefaultProcessor.traversalLoop(DefaultProcessor.java:90)
		at ch.qos.logback.core.model.processor.DefaultProcessor.process(DefaultProcessor.java:106)
		at ch.qos.logback.core.joran.GenericXMLConfigurator.processModel(GenericXMLConfigurator.java:208)
		at org.springframework.boot.logging.logback.SpringBootJoranConfigurator.processModel(SpringBootJoranConfigurator.java:122)
		at ch.qos.logback.core.joran.GenericXMLConfigurator.doConfigure(GenericXMLConfigurator.java:170)
		at ch.qos.logback.core.joran.GenericXMLConfigurator.doConfigure(GenericXMLConfigurator.java:122)
		at ch.qos.logback.core.joran.GenericXMLConfigurator.doConfigure(GenericXMLConfigurator.java:65)
		at org.springframework.boot.logging.logback.LogbackLoggingSystem.configureByResourceUrl(LogbackLoggingSystem.java:287)
		at org.springframework.boot.logging.logback.LogbackLoggingSystem.lambda$loadConfiguration$1(LogbackLoggingSystem.java:249)
		at org.springframework.boot.logging.logback.LogbackLoggingSystem.withLoggingSuppressed(LogbackLoggingSystem.java:467)
		at org.springframework.boot.logging.logback.LogbackLoggingSystem.loadConfiguration(LogbackLoggingSystem.java:244)
		... 27 common frames omitted
[INFO ] 2024-01-03 15:36:34.702 [restartedMain] c.e.d.BackendAplicacionApplication - Starting BackendAplicacionApplication using Java 21.0.1 with PID 24564 (C:\Users\kevin.rojo\Documents\proyectosKevin\taqueriaRodoBackEnd\target\classes started by kevin.rojo in C:\Users\kevin.rojo\Documents\proyectosKevin\taqueriaRodoBackEnd)
[DEBUG] 2024-01-03 15:36:34.704 [restartedMain] c.e.d.BackendAplicacionApplication - Running with Spring Boot v3.2.1, Spring v6.1.2
[INFO ] 2024-01-03 15:36:34.708 [restartedMain] c.e.d.BackendAplicacionApplication - No active profile set, falling back to 1 default profile: "default"
[INFO ] 2024-01-03 15:36:34.756 [restartedMain] o.s.b.d.e.DevToolsPropertyDefaultsPostProcessor - Devtools property defaults active! Set 'spring.devtools.add-properties' to 'false' to disable
[INFO ] 2024-01-03 15:36:34.757 [restartedMain] o.s.b.d.e.DevToolsPropertyDefaultsPostProcessor - For additional web related logging consider setting the 'logging.level.web' property to 'DEBUG'
[INFO ] 2024-01-03 15:36:35.536 [restartedMain] o.s.b.w.e.t.TomcatWebServer - Tomcat initialized with port 8080 (http)
[INFO ] 2024-01-03 15:36:35.550 [restartedMain] o.a.c.h.Http11NioProtocol - Initializing ProtocolHandler ["http-nio-8080"]
[INFO ] 2024-01-03 15:36:35.554 [restartedMain] o.a.c.c.StandardService - Starting service [Tomcat]
[INFO ] 2024-01-03 15:36:35.555 [restartedMain] o.a.c.c.StandardEngine - Starting Servlet engine: [Apache Tomcat/10.1.17]
[INFO ] 2024-01-03 15:36:35.612 [restartedMain] o.a.c.c.C.[.[.[/] - Initializing Spring embedded WebApplicationContext
[INFO ] 2024-01-03 15:36:35.613 [restartedMain] o.s.b.w.s.c.ServletWebServerApplicationContext - Root WebApplicationContext: initialization completed in 855 ms
[INFO ] 2024-01-03 15:36:35.940 [restartedMain] o.s.b.d.a.OptionalLiveReloadServer - LiveReload server is running on port 35729
[INFO ] 2024-01-03 15:36:35.953 [restartedMain] o.a.c.h.Http11NioProtocol - Starting ProtocolHandler ["http-nio-8080"]
[INFO ] 2024-01-03 15:36:35.978 [restartedMain] o.s.b.w.e.t.TomcatWebServer - Tomcat started on port 8080 (http) with context path ''
[INFO ] 2024-01-03 15:36:35.984 [restartedMain] c.e.d.BackendAplicacionApplication - Started BackendAplicacionApplication in 1.58 seconds (process running for 2.055)
[INFO ] 2024-01-03 15:36:44.932 [http-nio-8080-exec-2] o.a.c.c.C.[.[.[/] - Initializing Spring DispatcherServlet 'dispatcherServlet'
[INFO ] 2024-01-03 15:36:44.933 [http-nio-8080-exec-2] o.s.w.s.DispatcherServlet - Initializing Servlet 'dispatcherServlet'
[INFO ] 2024-01-03 15:36:44.934 [http-nio-8080-exec-2] o.s.w.s.DispatcherServlet - Completed initialization in 0 ms
[INFO ] 2024-01-03 15:36:44.963 [http-nio-8080-exec-2] c.e.d.s.i.PlatilloServiceImpl - entro al implement
[INFO ] 2024-01-03 16:02:48.328 [File Watcher] o.s.b.d.a.LocalDevToolsAutoConfiguration$RestartingClassPathChangeChangedEventListener - Restarting due to 1 class path change (0 additions, 0 deletions, 1 modification)
[INFO ] 2024-01-03 16:02:48.333 [Thread-5] o.a.c.h.Http11NioProtocol - Stopping ProtocolHandler ["http-nio-8080"]
[INFO ] 2024-01-03 16:02:48.484 [restartedMain] c.e.d.BackendAplicacionApplication - Starting BackendAplicacionApplication using Java 21.0.1 with PID 24564 (C:\Users\kevin.rojo\Documents\proyectosKevin\taqueriaRodoBackEnd\target\classes started by kevin.rojo in C:\Users\kevin.rojo\Documents\proyectosKevin\taqueriaRodoBackEnd)
[DEBUG] 2024-01-03 16:02:48.485 [restartedMain] c.e.d.BackendAplicacionApplication - Running with Spring Boot v3.2.1, Spring v6.1.2
[INFO ] 2024-01-03 16:02:48.487 [restartedMain] c.e.d.BackendAplicacionApplication - No active profile set, falling back to 1 default profile: "default"
[INFO ] 2024-01-03 16:02:48.833 [restartedMain] o.s.b.w.e.t.TomcatWebServer - Tomcat initialized with port 8080 (http)
[INFO ] 2024-01-03 16:02:48.836 [restartedMain] o.a.c.h.Http11NioProtocol - Initializing ProtocolHandler ["http-nio-8080"]
[INFO ] 2024-01-03 16:02:48.837 [restartedMain] o.a.c.c.StandardService - Starting service [Tomcat]
[INFO ] 2024-01-03 16:02:48.837 [restartedMain] o.a.c.c.StandardEngine - Starting Servlet engine: [Apache Tomcat/10.1.17]
[INFO ] 2024-01-03 16:02:48.863 [restartedMain] o.a.c.c.C.[.[.[/] - Initializing Spring embedded WebApplicationContext
[INFO ] 2024-01-03 16:02:48.865 [restartedMain] o.s.b.w.s.c.ServletWebServerApplicationContext - Root WebApplicationContext: initialization completed in 372 ms
[INFO ] 2024-01-03 16:02:48.982 [restartedMain] o.s.b.d.a.OptionalLiveReloadServer - LiveReload server is running on port 35729
[INFO ] 2024-01-03 16:02:48.989 [restartedMain] o.a.c.h.Http11NioProtocol - Starting ProtocolHandler ["http-nio-8080"]
[INFO ] 2024-01-03 16:02:49.003 [restartedMain] o.s.b.w.e.t.TomcatWebServer - Tomcat started on port 8080 (http) with context path ''
[INFO ] 2024-01-03 16:02:49.007 [restartedMain] c.e.d.BackendAplicacionApplication - Started BackendAplicacionApplication in 0.6 seconds (process running for 1575.078)
[INFO ] 2024-01-03 16:02:49.011 [restartedMain] o.s.b.d.a.ConditionEvaluationDeltaLoggingListener - Condition evaluation unchanged
[INFO ] 2024-01-03 16:02:57.005 [http-nio-8080-exec-2] o.a.c.c.C.[.[.[/] - Initializing Spring DispatcherServlet 'dispatcherServlet'
[INFO ] 2024-01-03 16:02:57.006 [http-nio-8080-exec-2] o.s.w.s.DispatcherServlet - Initializing Servlet 'dispatcherServlet'
[INFO ] 2024-01-03 16:02:57.007 [http-nio-8080-exec-2] o.s.w.s.DispatcherServlet - Completed initialization in 0 ms
[INFO ] 2024-01-03 16:02:57.009 [http-nio-8080-exec-2] c.e.d.s.i.PlatilloServiceImpl - entro al implement
